[04Dec2025 10:27:52.325] [main/INFO] [cpw.mods.modlauncher.Launcher/MODLAUNCHER]: ModLauncher running: args [--launchTarget, forgeclientdev, --version, 21.1.190, --assetIndex, 17, --assetsDir, C:\\Users\\Damián\\.mcreator\\gradle\\caches\\neoformruntime\\assets, --gameDir, ., --fml.fmlVersion, 4.0.41, --fml.mcVersion, 1.21.1, --fml.neoForgeVersion, 21.1.190, --fml.neoFormVersion, 20240808.144430]
[04Dec2025 10:27:52.341] [main/INFO] [cpw.mods.modlauncher.Launcher/MODLAUNCHER]: JVM identified as Eclipse Adoptium OpenJDK 64-Bit Server VM 21.0.8+9-LTS
[04Dec2025 10:27:52.344] [main/INFO] [cpw.mods.modlauncher.Launcher/MODLAUNCHER]: ModLauncher 11.0.5+main.901c6ea8 starting: java version 21.0.8 by Eclipse Adoptium; OS Windows 11 arch amd64 version 10.0
[04Dec2025 10:27:52.494] [main/WARN] [net.neoforged.fml.loading.FMLConfig/CORE]: Configuration file C:\MCreatorWorkspaces\muchof_biomes\run\config\fml.toml is not correct. Correcting
[04Dec2025 10:27:52.497] [main/WARN] [net.neoforged.fml.loading.FMLConfig/CORE]: Incorrect key [earlyWindowFBScale] was corrected from null to 1
[04Dec2025 10:27:52.498] [main/WARN] [net.neoforged.fml.loading.FMLConfig/CORE]: Incorrect key [earlyWindowSkipGLVersions] was corrected from null to []
[04Dec2025 10:27:52.498] [main/WARN] [net.neoforged.fml.loading.FMLConfig/CORE]: Incorrect key [earlyWindowSquir] was corrected from null to false
[04Dec2025 10:27:52.498] [main/WARN] [net.neoforged.fml.loading.FMLConfig/CORE]: Incorrect key [debugOpenGl] was corrected from false to null
[04Dec2025 10:27:52.498] [main/WARN] [net.neoforged.fml.loading.FMLConfig/CORE]: Incorrect key [earlyLoadingScreenTheme] was corrected from  to null
[04Dec2025 10:27:52.561] [main/INFO] [net.neoforged.fml.loading.ImmediateWindowHandler/]: Loading ImmediateWindowProvider fmlearlywindow
[04Dec2025 10:27:52.692] [main/INFO] [EARLYDISPLAY/]: Trying GL version 4.6
[04Dec2025 10:27:53.855] [main/INFO] [EARLYDISPLAY/]: Requested GL version 4.6 got version 4.6
[04Dec2025 10:27:54.033] [main/INFO] [mixin/]: SpongePowered MIXIN Subsystem Version=0.8.7 Source=union:/C:/Users/Damián/.mcreator/gradle/caches/modules-2/files-2.1/net.fabricmc/sponge-mixin/0.15.2+mixin.0.8.7/2af2f021d8e02a0220dc27a7a72b4666d66d44ca/sponge-mixin-0.15.2+mixin.0.8.7.jar%23138!/ Service=ModLauncher Env=CLIENT
[04Dec2025 10:27:54.270] [pool-2-thread-1/INFO] [EARLYDISPLAY/]: GL info: Intel(R) Arc(TM) A750 Graphics GL version 4.6.0 - Build 32.0.101.8247, Intel
[04Dec2025 10:27:54.620] [main/INFO] [net.neoforged.fml.loading.moddiscovery.locators.JarInJarDependencyLocator/]: Found 2 dependencies adding them to mods collection
[04Dec2025 10:27:54.623] [main/INFO] [net.neoforged.fml.loading.moddiscovery.ModDiscoverer/]: 
     Mod List:
		Name Version (Mod Id)

		Minecraft 1.21.1 (minecraft)
		Much'of Biomes 1.0.0 (muchof_biomes)
		NeoForge 21.1.190 (neoforge)
[04Dec2025 10:27:55.715] [main/INFO] [mixin/]: Compatibility level set to JAVA_21
[04Dec2025 10:27:55.727] [main/INFO] [cpw.mods.modlauncher.LaunchServiceHandler/MODLAUNCHER]: Launching target 'forgeclientdev' with arguments [--version, 21.1.190, --gameDir, ., --assetsDir, C:\Users\Damián\.mcreator\gradle\caches\neoformruntime\assets, --assetIndex, 17]
[04Dec2025 10:27:58.213] [Datafixer Bootstrap/INFO] [com.mojang.datafixers.DataFixerBuilder/]: 229 Datafixer optimizations took 456 milliseconds
[04Dec2025 10:27:58.664] [main/WARN] [oshi.util.platform.windows.PerfDataUtil/]: Failed to add PDH Counter: \Paging File(_Total)\% Usage, Error code: 0xC0000BB8
[04Dec2025 10:27:58.664] [main/WARN] [oshi.util.platform.windows.PerfCounterQueryHandler/]: Failed to add counter for PDH counter: \Paging File(_Total)\% Usage
[04Dec2025 10:27:58.665] [main/WARN] [oshi.util.platform.windows.PerfCounterQuery/]: Disabling further attempts to query Paging File.
[04Dec2025 10:28:00.063] [main/WARN] [oshi.util.platform.windows.WmiQueryHandler/]: COM exception: Invalid Class Win32_PerfRawData_PerfOS_PagingFile
[04Dec2025 10:28:00.103] [pool-7-thread-1/INFO] [MixinExtras|Service/]: Initializing MixinExtras via com.llamalad7.mixinextras.service.MixinExtrasServiceImpl(version=0.4.1).
[04Dec2025 10:28:05.674] [main/WARN] [net.minecraft.commands.Commands/]: Ambiguity between arguments [teleport, location] and [teleport, destination] with inputs: [0.1 -0.5 .9, 0 0 0]
[04Dec2025 10:28:05.675] [main/WARN] [net.minecraft.commands.Commands/]: Ambiguity between arguments [teleport, location] and [teleport, targets] with inputs: [0.1 -0.5 .9, 0 0 0]
[04Dec2025 10:28:05.681] [main/WARN] [net.minecraft.commands.Commands/]: Ambiguity between arguments [teleport, destination] and [teleport, targets] with inputs: [Player, 0123, @e, dd12be42-52a9-4a91-a8a1-11c01849e498]
[04Dec2025 10:28:05.683] [main/WARN] [net.minecraft.commands.Commands/]: Ambiguity between arguments [teleport, targets] and [teleport, destination] with inputs: [Player, 0123, dd12be42-52a9-4a91-a8a1-11c01849e498]
[04Dec2025 10:28:05.684] [main/WARN] [net.minecraft.commands.Commands/]: Ambiguity between arguments [teleport, targets, location] and [teleport, targets, destination] with inputs: [0.1 -0.5 .9, 0 0 0]
[04Dec2025 10:28:05.831] [Render thread/WARN] [net.minecraft.server.packs.VanillaPackResourcesBuilder/]: Assets URL 'union:/C:/MCreatorWorkspaces/muchof_biomes/build/moddev/artifacts/neoforge-21.1.190.jar%23189!/assets/.mcassetsroot' uses unexpected schema
[04Dec2025 10:28:05.831] [Render thread/WARN] [net.minecraft.server.packs.VanillaPackResourcesBuilder/]: Assets URL 'union:/C:/MCreatorWorkspaces/muchof_biomes/build/moddev/artifacts/neoforge-21.1.190.jar%23189!/data/.mcassetsroot' uses unexpected schema
[04Dec2025 10:28:05.864] [Render thread/INFO] [com.mojang.authlib.yggdrasil.YggdrasilAuthenticationService/]: Environment: Environment[sessionHost=https://sessionserver.mojang.com, servicesHost=https://api.minecraftservices.com, name=PROD]
[04Dec2025 10:28:05.879] [Render thread/INFO] [net.minecraft.client.Minecraft/]: Setting user: Dev
[04Dec2025 10:28:06.024] [Render thread/INFO] [net.minecraft.client.Minecraft/]: Backend library: LWJGL version 3.3.3+5
[04Dec2025 10:28:06.297] [modloading-worker-0/INFO] [net.neoforged.neoforge.common.NeoForgeMod/NEOFORGE-MOD]: NeoForge mod loading, version 21.1.190, for MC 1.21.1
[04Dec2025 10:28:06.777] [modloading-sync-worker/WARN] [net.neoforged.fml.config.ConfigTracker/CONFIG]: Configuration file C:\MCreatorWorkspaces\muchof_biomes\run\config\neoforge-client.toml is not correct. Correcting
[04Dec2025 10:28:07.327] [Render thread/INFO] [net.neoforged.neoforge.gametest.GameTestHooks/]: Enabled Gametest Namespaces: []
[04Dec2025 10:28:07.572] [Render thread/INFO] [net.minecraft.server.packs.resources.ReloadableResourceManager/]: Reloading ResourceManager: vanilla, mod_resources, mod/neoforge, mod/muchof_biomes
[04Dec2025 10:28:07.750] [Worker-Main-6/INFO] [net.minecraft.client.gui.font.providers.UnihexProvider/]: Found unifont_all_no_pua-15.1.05.hex, loading
[04Dec2025 10:28:07.871] [Worker-Main-8/INFO] [net.minecraft.client.gui.font.providers.UnihexProvider/]: Found unifont_jp_patch-15.1.05.hex, loading
[04Dec2025 10:28:09.537] [Render thread/WARN] [net.minecraft.client.sounds.SoundEngine/]: Missing sound for event: minecraft:item.goat_horn.play
[04Dec2025 10:28:09.538] [Render thread/WARN] [net.minecraft.client.sounds.SoundEngine/]: Missing sound for event: minecraft:entity.goat.screaming.horn_break
[04Dec2025 10:28:09.585] [Render thread/INFO] [com.mojang.blaze3d.audio.Library/]: OpenAL initialized on device OpenAL Soft on 27G2WG3- (HD Audio Driver for Display Audio)
[04Dec2025 10:28:09.587] [Render thread/INFO] [net.minecraft.client.sounds.SoundEngine/SOUNDS]: Sound engine started
[04Dec2025 10:28:09.759] [Render thread/INFO] [net.minecraft.client.renderer.texture.TextureAtlas/]: Created: 1024x512x2 minecraft:textures/atlas/blocks.png-atlas
[04Dec2025 10:28:11.609] [Render thread/INFO] [net.minecraft.client.renderer.texture.TextureAtlas/]: Created: 256x256x2 minecraft:textures/atlas/signs.png-atlas
[04Dec2025 10:28:11.638] [Render thread/INFO] [net.minecraft.client.renderer.texture.TextureAtlas/]: Created: 512x512x2 minecraft:textures/atlas/shield_patterns.png-atlas
[04Dec2025 10:28:11.693] [Render thread/INFO] [net.minecraft.client.renderer.texture.TextureAtlas/]: Created: 512x512x2 minecraft:textures/atlas/banner_patterns.png-atlas
[04Dec2025 10:28:11.753] [Render thread/INFO] [net.minecraft.client.renderer.texture.TextureAtlas/]: Created: 1024x1024x2 minecraft:textures/atlas/armor_trims.png-atlas
[04Dec2025 10:28:12.286] [Render thread/INFO] [net.minecraft.client.renderer.texture.TextureAtlas/]: Created: 256x256x2 minecraft:textures/atlas/chest.png-atlas
[04Dec2025 10:28:12.288] [Render thread/INFO] [net.minecraft.client.renderer.texture.TextureAtlas/]: Created: 128x64x2 minecraft:textures/atlas/decorated_pot.png-atlas
[04Dec2025 10:28:12.291] [Render thread/INFO] [net.minecraft.client.renderer.texture.TextureAtlas/]: Created: 512x256x2 minecraft:textures/atlas/shulker_boxes.png-atlas
[04Dec2025 10:28:12.301] [Render thread/INFO] [net.minecraft.client.renderer.texture.TextureAtlas/]: Created: 512x256x2 minecraft:textures/atlas/beds.png-atlas
[04Dec2025 10:28:12.579] [Render thread/INFO] [net.minecraft.client.renderer.texture.TextureAtlas/]: Created: 512x256x0 minecraft:textures/atlas/particles.png-atlas
[04Dec2025 10:28:12.703] [Render thread/INFO] [net.minecraft.client.renderer.texture.TextureAtlas/]: Created: 512x256x0 minecraft:textures/atlas/paintings.png-atlas
[04Dec2025 10:28:12.730] [Render thread/INFO] [net.minecraft.client.renderer.texture.TextureAtlas/]: Created: 256x128x0 minecraft:textures/atlas/mob_effects.png-atlas
[04Dec2025 10:28:12.748] [Render thread/INFO] [net.minecraft.client.renderer.texture.TextureAtlas/]: Created: 64x64x0 minecraft:textures/atlas/map_decorations.png-atlas
[04Dec2025 10:28:12.765] [Render thread/INFO] [net.minecraft.client.renderer.texture.TextureAtlas/]: Created: 1024x512x0 minecraft:textures/atlas/gui.png-atlas
[04Dec2025 10:28:13.240] [Render thread/WARN] [net.minecraft.client.renderer.ShaderInstance/]: Shader rendertype_entity_translucent_emissive could not find sampler named Sampler2 in the specified shader program.
[04Dec2025 10:28:13.848] [Render thread/INFO] [net.neoforged.neoforge.client.entity.animation.json.AnimationLoader/]: Loaded 0 entity animations
[04Dec2025 10:28:28.633] [Render thread/INFO] [net.minecraft.world.item.crafting.RecipeManager/]: Loaded 1290 recipes
[04Dec2025 10:28:28.876] [Render thread/INFO] [net.minecraft.advancements.AdvancementTree/]: Loaded 1399 advancements
[04Dec2025 10:28:32.370] [Server thread/INFO] [net.minecraft.client.server.IntegratedServer/]: Starting integrated minecraft server version 1.21.1
[04Dec2025 10:28:32.370] [Server thread/INFO] [net.minecraft.server.MinecraftServer/]: Generating keypair
[04Dec2025 10:28:32.456] [Server thread/WARN] [net.neoforged.neoforge.server.ServerLifecycleHooks/]: Detected minecraft:bat that was registered with AMBIENT mob category but was added under CREATURE mob category for muchof_biomes:foggy_forest biome! Mobs should be added to biomes under the same mob category that the mob was registered as to prevent mob cap spawning issues.
[04Dec2025 10:28:32.460] [Server thread/WARN] [net.neoforged.neoforge.server.ServerLifecycleHooks/]: Detected minecraft:goat that was registered with CREATURE mob category but was added under MONSTER mob category for muchof_biomes:red_tundra biome! Mobs should be added to biomes under the same mob category that the mob was registered as to prevent mob cap spawning issues.
[04Dec2025 10:28:32.463] [Server thread/WARN] [net.neoforged.neoforge.server.ServerLifecycleHooks/]: Detected minecraft:glow_squid that was registered with UNDERGROUND_WATER_CREATURE mob category but was added under WATER_AMBIENT mob category for muchof_biomes:summer_vacation biome! Mobs should be added to biomes under the same mob category that the mob was registered as to prevent mob cap spawning issues.
[04Dec2025 10:28:35.533] [Server thread/INFO] [net.minecraft.server.MinecraftServer/]: Preparing start region for dimension minecraft:overworld
[04Dec2025 10:28:35.576] [progressListener/INFO] [net.minecraft.server.level.progress.LoggerChunkProgressListener/]: Preparing spawn area: 2%
[04Dec2025 10:28:36.053] [progressListener/INFO] [net.minecraft.server.level.progress.LoggerChunkProgressListener/]: Preparing spawn area: 2%
[04Dec2025 10:28:36.544] [progressListener/INFO] [net.minecraft.server.level.progress.LoggerChunkProgressListener/]: Preparing spawn area: 2%
[04Dec2025 10:28:37.049] [progressListener/INFO] [net.minecraft.server.level.progress.LoggerChunkProgressListener/]: Preparing spawn area: 18%
[04Dec2025 10:28:37.548] [progressListener/INFO] [net.minecraft.server.level.progress.LoggerChunkProgressListener/]: Preparing spawn area: 18%
[04Dec2025 10:28:38.053] [progressListener/INFO] [net.minecraft.server.level.progress.LoggerChunkProgressListener/]: Preparing spawn area: 51%
[04Dec2025 10:28:38.554] [progressListener/INFO] [net.minecraft.server.level.progress.LoggerChunkProgressListener/]: Preparing spawn area: 51%
[04Dec2025 10:28:39.097] [Server thread/INFO] [net.neoforged.neoforge.server.permission.PermissionAPI/]: Successfully initialized permission handler neoforge:default_handler
[04Dec2025 10:28:39.110] [progressListener/INFO] [net.minecraft.server.level.progress.LoggerChunkProgressListener/]: Time elapsed: 3573 ms
[04Dec2025 10:28:39.136] [Server thread/INFO] [net.minecraft.client.server.IntegratedServer/]: Changing view distance to 5, from 10
[04Dec2025 10:28:39.136] [Server thread/INFO] [net.minecraft.client.server.IntegratedServer/]: Changing simulation distance to 12, from 0
[04Dec2025 10:28:41.551] [Server thread/INFO] [net.minecraft.server.players.PlayerList/]: Dev[local:E:5a8c78fa] logged in with entity id 7 at (1.5, 82.0, 1.5)
[04Dec2025 10:28:41.631] [Server thread/INFO] [net.minecraft.server.MinecraftServer/]: Dev joined the game
[04Dec2025 10:28:41.755] [Render thread/INFO] [net.minecraft.advancements.AdvancementTree/]: Loaded 2 advancements
[04Dec2025 10:29:00.599] [Server thread/WARN] [net.minecraft.server.MinecraftServer/]: Can't keep up! Is the server overloaded? Running 10250ms or 205 ticks behind
[04Dec2025 10:29:00.608] [Render thread/INFO] [net.minecraft.client.gui.components.ChatComponent/]: [System] [CHAT] Could not find a biome of type "muchof_biomes:boreal_coast" within reasonable distance
[04Dec2025 10:29:17.587] [Server thread/INFO] [net.minecraft.server.commands.LocateCommand/]: Locating element muchof_biomes:red_tundra took 2076 ms
[04Dec2025 10:29:17.600] [Server thread/WARN] [net.minecraft.server.MinecraftServer/]: Can't keep up! Is the server overloaded? Running 2000ms or 40 ticks behind
[04Dec2025 10:29:17.600] [Render thread/INFO] [net.minecraft.client.gui.components.ChatComponent/]: [System] [CHAT] The nearest muchof_biomes:red_tundra is at [-2957, 59, -2390] (3798 blocks away)
[04Dec2025 10:29:20.592] [Server thread/INFO] [net.minecraft.server.MinecraftServer/]: [Dev: Teleported Dev to -2956.500000, 59.000000, -2389.500000]
[04Dec2025 10:29:20.603] [Render thread/INFO] [net.minecraft.client.gui.components.ChatComponent/]: [System] [CHAT] Teleported Dev to -2956.500000, 59.000000, -2389.500000
[04Dec2025 10:29:20.640] [Render thread/INFO] [net.minecraft.advancements.AdvancementTree/]: Loaded 11 advancements
[04Dec2025 10:29:54.149] [Server thread/INFO] [net.minecraft.client.server.IntegratedServer/]: Saving and pausing game...
[04Dec2025 10:29:54.170] [Server thread/INFO] [net.minecraft.server.MinecraftServer/]: Saving chunks for level 'ServerLevel[New World]'/minecraft:overworld
[04Dec2025 10:29:54.192] [Server thread/INFO] [net.minecraft.server.MinecraftServer/]: Saving chunks for level 'ServerLevel[New World]'/minecraft:the_end
[04Dec2025 10:29:54.193] [Server thread/INFO] [net.minecraft.server.MinecraftServer/]: Saving chunks for level 'ServerLevel[New World]'/minecraft:the_nether
[04Dec2025 10:29:54.856] [Server thread/INFO] [net.minecraft.server.network.ServerGamePacketListenerImpl/]: Dev lost connection: Disconnected
[04Dec2025 10:29:54.857] [Server thread/INFO] [net.minecraft.server.MinecraftServer/]: Dev left the game
[04Dec2025 10:29:54.869] [Server thread/INFO] [net.minecraft.server.network.ServerCommonPacketListenerImpl/]: Stopping singleplayer server as player logged out
[04Dec2025 10:29:54.908] [Server thread/INFO] [net.minecraft.server.MinecraftServer/]: Stopping server
[04Dec2025 10:29:54.909] [Server thread/INFO] [net.minecraft.server.MinecraftServer/]: Saving players
[04Dec2025 10:29:54.909] [Server thread/INFO] [net.minecraft.server.MinecraftServer/]: Saving worlds
[04Dec2025 10:29:56.415] [Server thread/INFO] [net.minecraft.server.MinecraftServer/]: Saving chunks for level 'ServerLevel[New World]'/minecraft:overworld
[04Dec2025 10:29:56.473] [Server thread/INFO] [net.minecraft.server.MinecraftServer/]: Saving chunks for level 'ServerLevel[New World]'/minecraft:the_end
[04Dec2025 10:29:56.478] [Server thread/INFO] [net.minecraft.server.MinecraftServer/]: Saving chunks for level 'ServerLevel[New World]'/minecraft:the_nether
[04Dec2025 10:29:56.607] [Server thread/INFO] [net.minecraft.server.MinecraftServer/]: ThreadedAnvilChunkStorage (New World (9)): All chunks are saved
[04Dec2025 10:29:56.607] [Server thread/INFO] [net.minecraft.server.MinecraftServer/]: ThreadedAnvilChunkStorage (DIM1): All chunks are saved
[04Dec2025 10:29:56.608] [Server thread/INFO] [net.minecraft.server.MinecraftServer/]: ThreadedAnvilChunkStorage (DIM-1): All chunks are saved
[04Dec2025 10:29:56.608] [Server thread/INFO] [net.minecraft.server.MinecraftServer/]: ThreadedAnvilChunkStorage: All dimensions are saved
[04Dec2025 10:29:56.715] [Render thread/INFO] [net.minecraft.client.Minecraft/]: Stopping!
